


ARM Macro Assembler    Page 1 


    1 00000000         
    2 00000000         ;/******************************************************
                       *********************
    3 00000000         ; *                                                     
                                           *
    4 00000000         ; * Copyright (c) 2015 Nuvoton Technology. All rights re
                       served.             *
    5 00000000         ; *                                                     
                                           *
    6 00000000         ; ******************************************************
                       *********************/
    7 00000000         ;
    8 00000000         
    9 00000000                 AREA             NUC_INIT, CODE, READONLY
   10 00000000         
   11 00000000         ;--------------------------------------------
   12 00000000         ; Mode bits and interrupt flag (I&F) defines
   13 00000000         ;--------------------------------------------
   14 00000000 00000010 
                       USR_MODE
                               EQU              0x10
   15 00000000 00000011 
                       FIQ_MODE
                               EQU              0x11
   16 00000000 00000012 
                       IRQ_MODE
                               EQU              0x12
   17 00000000 00000013 
                       SVC_MODE
                               EQU              0x13
   18 00000000 00000017 
                       ABT_MODE
                               EQU              0x17
   19 00000000 0000001B 
                       UDF_MODE
                               EQU              0x1B
   20 00000000 0000001F 
                       SYS_MODE
                               EQU              0x1F
   21 00000000         
   22 00000000 00000080 
                       I_BIT   EQU              0x80
   23 00000000 00000040 
                       F_BIT   EQU              0x40
   24 00000000         
   25 00000000         ;----------------------------
   26 00000000         ; System / User Stack Memory
   27 00000000         ;----------------------------
   28 00000000 02000000 
                       RAM_Limit
                               EQU              0x2000000   ; For unexpanded ha
                                                            rdware board
   29 00000000         
   30 00000000 02000000 
                       UND_Stack
                               EQU              RAM_Limit
   31 00000000 01FFFF00 
                       Abort_Stack
                               EQU              RAM_Limit-256



ARM Macro Assembler    Page 2 


   32 00000000 01FFFE00 
                       FIQ_Stack
                               EQU              RAM_Limit-512 ; followed by IRQ
                                                             stack
   33 00000000 01FFFC00 
                       SVC_Stack
                               EQU              RAM_Limit-1024 ; SVC stack at t
                                                            op of memory
   34 00000000 01FFF800 
                       IRQ_Stack
                               EQU              RAM_Limit-2048 ; followed by IR
                                                            Q stack
   35 00000000 01FFD800 
                       USR_Stack
                               EQU              RAM_Limit-10240
   36 00000000         
   37 00000000         
   38 00000000                 ENTRY
   39 00000000                 EXPORT           Reset_Go
   40 00000000         
   41 00000000                 EXPORT           Vector_Table
   42 00000000         Vector_Table
   43 00000000 EAFFFFFE        B                Reset_Go    ; Modified to be re
                                                            lative jumb for ext
                                                            ernal boot
   44 00000004 E59FF018        LDR              PC, Undefined_Addr
   45 00000008 E59FF018        LDR              PC, SWI_Addr
   46 0000000C E59FF018        LDR              PC, Prefetch_Addr
   47 00000010 E59FF018        LDR              PC, Abort_Addr
   48 00000014 00000000        DCD              0x0
   49 00000018 E59FF018        LDR              PC, IRQ_Addr
   50 0000001C E59FF018        LDR              PC, FIQ_Addr
   51 00000020         
   52 00000020         
   53 00000020 00000000 
                       Reset_Addr
                               DCD              Reset_Go
   54 00000024 00000000 
                       Undefined_Addr
                               DCD              Undefined_Handler
   55 00000028 00000000 
                       SWI_Addr
                               DCD              SWI_Handler1
   56 0000002C 00000000 
                       Prefetch_Addr
                               DCD              Prefetch_Handler
   57 00000030 00000000 
                       Abort_Addr
                               DCD              Abort_Handler
   58 00000034 00000000        DCD              0
   59 00000038 00000000 
                       IRQ_Addr
                               DCD              IRQ_Handler
   60 0000003C 00000000 
                       FIQ_Addr
                               DCD              FIQ_Handler
   61 00000040         
   62 00000040         
   63 00000040         ; ************************



ARM Macro Assembler    Page 3 


   64 00000040         ; Exception Handlers
   65 00000040         ; ************************
   66 00000040         
   67 00000040         ; The following dummy handlers do not do anything useful
                        in this example.
   68 00000040         ; They are set up here for completeness.
   69 00000040         
   70 00000040         Undefined_Handler
   71 00000040 EAFFFFFE        B                Undefined_Handler
   72 00000044         SWI_Handler1
   73 00000044 EAFFFFFE        B                SWI_Handler1
   74 00000048         Prefetch_Handler
   75 00000048 EAFFFFFE        B                Prefetch_Handler
   76 0000004C         Abort_Handler
   77 0000004C EAFFFFFE        B                Abort_Handler
   78 00000050         IRQ_Handler
   79 00000050 EAFFFFFE        B                IRQ_Handler
   80 00000054         FIQ_Handler
   81 00000054 EAFFFFFE        B                FIQ_Handler
   82 00000058         
   83 00000058         
   84 00000058         Reset_Go
   85 00000058         
   86 00000058         ;--------------------------------
   87 00000058         ; Initial Stack Pointer register
   88 00000058         ;--------------------------------
   89 00000058         ;INIT_STACK
   90 00000058 E321F0DB        MSR              CPSR_c, #UDF_MODE :OR: I_BIT :O
R: F_BIT
   91 0000005C E59FD034        LDR              SP, =UND_Stack
   92 00000060         
   93 00000060 E321F0D7        MSR              CPSR_c, #ABT_MODE :OR: I_BIT :O
R: F_BIT
   94 00000064 E59FD030        LDR              SP, =Abort_Stack
   95 00000068         
   96 00000068 E321F0D2        MSR              CPSR_c, #IRQ_MODE :OR: I_BIT :O
R: F_BIT
   97 0000006C E59FD02C        LDR              SP, =IRQ_Stack
   98 00000070         
   99 00000070 E321F0D1        MSR              CPSR_c, #FIQ_MODE :OR: I_BIT :O
R: F_BIT
  100 00000074 E59FD028        LDR              SP, =FIQ_Stack
  101 00000078         
  102 00000078 E321F0DF        MSR              CPSR_c, #SYS_MODE :OR: I_BIT :O
R: F_BIT
  103 0000007C E59FD024        LDR              SP, =USR_Stack
  104 00000080         
  105 00000080 E321F0D3        MSR              CPSR_c, #SVC_MODE :OR: I_BIT :O
R: F_BIT
  106 00000084 E59FD020        LDR              SP, =SVC_Stack
  107 00000088         
  108 00000088         ;------------------------------------------------------
  109 00000088         ; Set the normal exception vector of CP15 control bit
  110 00000088         ;------------------------------------------------------
  111 00000088 EE110F10        MRC              p15, 0, r0 , c1, c0 ; r0 := cp1
                                                            5 register 1
  112 0000008C E3C00A02        BIC              r0, r0, #0x2000 
                                                            ; Clear bit13 in r1
                                                            



ARM Macro Assembler    Page 4 


  113 00000090 EE010F10        MCR              p15, 0, r0 , c1, c0 ; cp15 regi
                                                            ster 1 := r0
  114 00000094         
  115 00000094         
  116 00000094                 IMPORT           __main
  117 00000094         ;-----------------------------
  118 00000094         ;   enter the C code
  119 00000094         ;-----------------------------
  120 00000094 EAFFFFFE        B                __main
  121 00000098         
  122 00000098                 END
              02000000 
              01FFFF00 
              01FFF800 
              01FFFE00 
              01FFD800 
              01FFFC00 
Command Line: --debug --xref --diag_suppress=9931 --cpu=ARM926EJ-S --apcs=inter
work --depend=.\obj\startup_nuc970.d -o.\obj\startup_nuc970.o -I"D:\Tools\Work 
Tools\Keil_v5\ARM\RV31\INC" -I"D:\Tools\Work Tools\Keil_v5\ARM\CMSIS\Include" -
I"D:\Tools\Work Tools\Keil_v5\ARM\INC\Toshiba" --predefine="__EVAL SETA 1" --pr
edefine="__UVISION_VERSION SETA 524" --list=.\lst\startup_nuc970.lst ..\..\Driv
er\Source\startup_NUC970.s



ARM Macro Assembler    Page 1 Alphabetic symbol ordering
Relocatable symbols

Abort_Addr 00000030

Symbol: Abort_Addr
   Definitions
      At line 57 in file ..\..\Driver\Source\startup_NUC970.s
   Uses
      At line 47 in file ..\..\Driver\Source\startup_NUC970.s
Comment: Abort_Addr used once
Abort_Handler 0000004C

Symbol: Abort_Handler
   Definitions
      At line 76 in file ..\..\Driver\Source\startup_NUC970.s
   Uses
      At line 57 in file ..\..\Driver\Source\startup_NUC970.s
      At line 77 in file ..\..\Driver\Source\startup_NUC970.s

FIQ_Addr 0000003C

Symbol: FIQ_Addr
   Definitions
      At line 60 in file ..\..\Driver\Source\startup_NUC970.s
   Uses
      At line 50 in file ..\..\Driver\Source\startup_NUC970.s
Comment: FIQ_Addr used once
FIQ_Handler 00000054

Symbol: FIQ_Handler
   Definitions
      At line 80 in file ..\..\Driver\Source\startup_NUC970.s
   Uses
      At line 60 in file ..\..\Driver\Source\startup_NUC970.s
      At line 81 in file ..\..\Driver\Source\startup_NUC970.s

IRQ_Addr 00000038

Symbol: IRQ_Addr
   Definitions
      At line 59 in file ..\..\Driver\Source\startup_NUC970.s
   Uses
      At line 49 in file ..\..\Driver\Source\startup_NUC970.s
Comment: IRQ_Addr used once
IRQ_Handler 00000050

Symbol: IRQ_Handler
   Definitions
      At line 78 in file ..\..\Driver\Source\startup_NUC970.s
   Uses
      At line 59 in file ..\..\Driver\Source\startup_NUC970.s
      At line 79 in file ..\..\Driver\Source\startup_NUC970.s

NUC_INIT 00000000

Symbol: NUC_INIT
   Definitions
      At line 9 in file ..\..\Driver\Source\startup_NUC970.s
   Uses
      None
Comment: NUC_INIT unused



ARM Macro Assembler    Page 2 Alphabetic symbol ordering
Relocatable symbols

Prefetch_Addr 0000002C

Symbol: Prefetch_Addr
   Definitions
      At line 56 in file ..\..\Driver\Source\startup_NUC970.s
   Uses
      At line 46 in file ..\..\Driver\Source\startup_NUC970.s
Comment: Prefetch_Addr used once
Prefetch_Handler 00000048

Symbol: Prefetch_Handler
   Definitions
      At line 74 in file ..\..\Driver\Source\startup_NUC970.s
   Uses
      At line 56 in file ..\..\Driver\Source\startup_NUC970.s
      At line 75 in file ..\..\Driver\Source\startup_NUC970.s

Reset_Addr 00000020

Symbol: Reset_Addr
   Definitions
      At line 53 in file ..\..\Driver\Source\startup_NUC970.s
   Uses
      None
Comment: Reset_Addr unused
Reset_Go 00000058

Symbol: Reset_Go
   Definitions
      At line 84 in file ..\..\Driver\Source\startup_NUC970.s
   Uses
      At line 39 in file ..\..\Driver\Source\startup_NUC970.s
      At line 43 in file ..\..\Driver\Source\startup_NUC970.s
      At line 53 in file ..\..\Driver\Source\startup_NUC970.s

SWI_Addr 00000028

Symbol: SWI_Addr
   Definitions
      At line 55 in file ..\..\Driver\Source\startup_NUC970.s
   Uses
      At line 45 in file ..\..\Driver\Source\startup_NUC970.s
Comment: SWI_Addr used once
SWI_Handler1 00000044

Symbol: SWI_Handler1
   Definitions
      At line 72 in file ..\..\Driver\Source\startup_NUC970.s
   Uses
      At line 55 in file ..\..\Driver\Source\startup_NUC970.s
      At line 73 in file ..\..\Driver\Source\startup_NUC970.s

Undefined_Addr 00000024

Symbol: Undefined_Addr
   Definitions
      At line 54 in file ..\..\Driver\Source\startup_NUC970.s
   Uses
      At line 44 in file ..\..\Driver\Source\startup_NUC970.s



ARM Macro Assembler    Page 3 Alphabetic symbol ordering
Relocatable symbols

Comment: Undefined_Addr used once
Undefined_Handler 00000040

Symbol: Undefined_Handler
   Definitions
      At line 70 in file ..\..\Driver\Source\startup_NUC970.s
   Uses
      At line 54 in file ..\..\Driver\Source\startup_NUC970.s
      At line 71 in file ..\..\Driver\Source\startup_NUC970.s

Vector_Table 00000000

Symbol: Vector_Table
   Definitions
      At line 42 in file ..\..\Driver\Source\startup_NUC970.s
   Uses
      At line 41 in file ..\..\Driver\Source\startup_NUC970.s
Comment: Vector_Table used once
16 symbols



ARM Macro Assembler    Page 1 Alphabetic symbol ordering
Absolute symbols

ABT_MODE 00000017

Symbol: ABT_MODE
   Definitions
      At line 18 in file ..\..\Driver\Source\startup_NUC970.s
   Uses
      At line 93 in file ..\..\Driver\Source\startup_NUC970.s
Comment: ABT_MODE used once
Abort_Stack 01FFFF00

Symbol: Abort_Stack
   Definitions
      At line 31 in file ..\..\Driver\Source\startup_NUC970.s
   Uses
      At line 94 in file ..\..\Driver\Source\startup_NUC970.s
Comment: Abort_Stack used once
FIQ_MODE 00000011

Symbol: FIQ_MODE
   Definitions
      At line 15 in file ..\..\Driver\Source\startup_NUC970.s
   Uses
      At line 99 in file ..\..\Driver\Source\startup_NUC970.s
Comment: FIQ_MODE used once
FIQ_Stack 01FFFE00

Symbol: FIQ_Stack
   Definitions
      At line 32 in file ..\..\Driver\Source\startup_NUC970.s
   Uses
      At line 100 in file ..\..\Driver\Source\startup_NUC970.s
Comment: FIQ_Stack used once
F_BIT 00000040

Symbol: F_BIT
   Definitions
      At line 23 in file ..\..\Driver\Source\startup_NUC970.s
   Uses
      At line 90 in file ..\..\Driver\Source\startup_NUC970.s
      At line 93 in file ..\..\Driver\Source\startup_NUC970.s
      At line 96 in file ..\..\Driver\Source\startup_NUC970.s
      At line 99 in file ..\..\Driver\Source\startup_NUC970.s
      At line 102 in file ..\..\Driver\Source\startup_NUC970.s
      At line 105 in file ..\..\Driver\Source\startup_NUC970.s

IRQ_MODE 00000012

Symbol: IRQ_MODE
   Definitions
      At line 16 in file ..\..\Driver\Source\startup_NUC970.s
   Uses
      At line 96 in file ..\..\Driver\Source\startup_NUC970.s
Comment: IRQ_MODE used once
IRQ_Stack 01FFF800

Symbol: IRQ_Stack
   Definitions
      At line 34 in file ..\..\Driver\Source\startup_NUC970.s
   Uses



ARM Macro Assembler    Page 2 Alphabetic symbol ordering
Absolute symbols

      At line 97 in file ..\..\Driver\Source\startup_NUC970.s
Comment: IRQ_Stack used once
I_BIT 00000080

Symbol: I_BIT
   Definitions
      At line 22 in file ..\..\Driver\Source\startup_NUC970.s
   Uses
      At line 90 in file ..\..\Driver\Source\startup_NUC970.s
      At line 93 in file ..\..\Driver\Source\startup_NUC970.s
      At line 96 in file ..\..\Driver\Source\startup_NUC970.s
      At line 99 in file ..\..\Driver\Source\startup_NUC970.s
      At line 102 in file ..\..\Driver\Source\startup_NUC970.s
      At line 105 in file ..\..\Driver\Source\startup_NUC970.s

RAM_Limit 02000000

Symbol: RAM_Limit
   Definitions
      At line 28 in file ..\..\Driver\Source\startup_NUC970.s
   Uses
      At line 30 in file ..\..\Driver\Source\startup_NUC970.s
      At line 31 in file ..\..\Driver\Source\startup_NUC970.s
      At line 32 in file ..\..\Driver\Source\startup_NUC970.s
      At line 33 in file ..\..\Driver\Source\startup_NUC970.s
      At line 34 in file ..\..\Driver\Source\startup_NUC970.s
      At line 35 in file ..\..\Driver\Source\startup_NUC970.s

SVC_MODE 00000013

Symbol: SVC_MODE
   Definitions
      At line 17 in file ..\..\Driver\Source\startup_NUC970.s
   Uses
      At line 105 in file ..\..\Driver\Source\startup_NUC970.s
Comment: SVC_MODE used once
SVC_Stack 01FFFC00

Symbol: SVC_Stack
   Definitions
      At line 33 in file ..\..\Driver\Source\startup_NUC970.s
   Uses
      At line 106 in file ..\..\Driver\Source\startup_NUC970.s
Comment: SVC_Stack used once
SYS_MODE 0000001F

Symbol: SYS_MODE
   Definitions
      At line 20 in file ..\..\Driver\Source\startup_NUC970.s
   Uses
      At line 102 in file ..\..\Driver\Source\startup_NUC970.s
Comment: SYS_MODE used once
UDF_MODE 0000001B

Symbol: UDF_MODE
   Definitions
      At line 19 in file ..\..\Driver\Source\startup_NUC970.s
   Uses
      At line 90 in file ..\..\Driver\Source\startup_NUC970.s



ARM Macro Assembler    Page 3 Alphabetic symbol ordering
Absolute symbols

Comment: UDF_MODE used once
UND_Stack 02000000

Symbol: UND_Stack
   Definitions
      At line 30 in file ..\..\Driver\Source\startup_NUC970.s
   Uses
      At line 91 in file ..\..\Driver\Source\startup_NUC970.s
Comment: UND_Stack used once
USR_MODE 00000010

Symbol: USR_MODE
   Definitions
      At line 14 in file ..\..\Driver\Source\startup_NUC970.s
   Uses
      None
Comment: USR_MODE unused
USR_Stack 01FFD800

Symbol: USR_Stack
   Definitions
      At line 35 in file ..\..\Driver\Source\startup_NUC970.s
   Uses
      At line 103 in file ..\..\Driver\Source\startup_NUC970.s
Comment: USR_Stack used once
16 symbols



ARM Macro Assembler    Page 1 Alphabetic symbol ordering
External symbols

__main 00000000

Symbol: __main
   Definitions
      At line 116 in file ..\..\Driver\Source\startup_NUC970.s
   Uses
      At line 120 in file ..\..\Driver\Source\startup_NUC970.s
Comment: __main used once
1 symbol
367 symbols in table
